<?xml version="1.0" encoding="UTF-8" ?>
<testsuite failures="0" time="0.304" errors="0" skipped="0" tests="4" name="TestSuite">
  <properties>
[...]
</properties>
  <testcase time="0.006" classname="com.nie.test.util.GCDCalcatorTest" name="testGCD"/>
  <testcase time="0.001" classname="com.nie.test.util.GCDCalcatorTest" name="testGCD"/>
  <testcase time="0" classname="com.nie.test.util.GCDCalcatorTest" name="testGCD"/>
  <testcase time="0.001" classname="com.nie.test.util.GCDCalcatorTest" name="testGCD"/>
</testsuite>