<?xml version="1.0" encoding="UTF-8"?>
<testng-results skipped="0" failed="0" total="4" passed="4">
  <reporter-output>
  </reporter-output>
  <suite name="Command line suite" duration-ms="17" started-at="2015-04-12T21:00:07Z" finished-at="2015-04-12T21:00:07Z">
    <groups>
    </groups>
    <test name="Command line test" duration-ms="17" started-at="2015-04-12T21:00:07Z" finished-at="2015-04-12T21:00:07Z">
      <class name="com.nie.test.util.GCDCalcatorTest">
        <test-method status="PASS" signature="testGCD(int, int, int)" name="testGCD" duration-ms="6" started-at="2015-04-12T21:00:07Z" finished-at="2015-04-12T21:00:07Z">
          <params>
            <param index="0">
              <value>
                <![CDATA[20]]>
              </value>
            </param>
            <param index="1">
              <value>
                <![CDATA[16]]>
              </value>
            </param>
            <param index="2">
              <value>
                <![CDATA[4]]>
              </value>
            </param>
          </params>
        </test-method>
        <test-method status="PASS" signature="testGCD(int, int, int)" name="testGCD" duration-ms="1" started-at="2015-04-12T21:00:07Z" finished-at="2015-04-12T21:00:07Z">
          <params>
            <param index="0">
              <value>
                <![CDATA[20]]>
              </value>
            </param>
            <param index="1">
              <value>
                <![CDATA[0]]>
              </value>
            </param>
            <param index="2">
              <value>
                <![CDATA[20]]>
              </value>
            </param>
          </params>
        </test-method>
        <test-method status="PASS" signature="testGCD(int, int, int)" name="testGCD" duration-ms="1" started-at="2015-04-12T21:00:07Z" finished-at="2015-04-12T21:00:07Z">
          <params>
            <param index="0">
              <value>
                <![CDATA[1]]>
              </value>
            </param>
            <param index="1">
              <value>
                <![CDATA[16]]>
              </value>
            </param>
            <param index="2">
              <value>
                <![CDATA[1]]>
              </value>
            </param>
          </params>
        </test-method>
        <test-method status="PASS" signature="testGCD(int, int, int)" name="testGCD" duration-ms="0" started-at="2015-04-12T21:00:07Z" finished-at="2015-04-12T21:00:07Z">
          <params>
            <param index="0">
              <value>
                <![CDATA[0]]>
              </value>
            </param>
            <param index="1">
              <value>
                <![CDATA[16]]>
              </value>
            </param>
            <param index="2">
              <value>
                <![CDATA[16]]>
              </value>
            </param>
          </params>
        </test-method>
      </class>
    </test>
  </suite>
</testng-results>
